<?xml version="1.0" encoding="UTF-8"?>
<!-- Generated by org.testng.reporters.JUnitReportReporter -->
<testsuite hostname="MSI" failures="0" tests="1" name="TestNG.TestScriptLoginPage" time="11.428" errors="0" timestamp="2025-06-09T21:04:26 IST" skipped="0">
  <testcase classname="TestNG.TestScriptLoginPage" name="Facebooklogin" time="11.428"/>
</testsuite> <!-- TestNG.TestScriptLoginPage -->
