<?xml version="1.0" encoding="UTF-8"?>
<!-- Generated by org.testng.reporters.JUnitReportReporter -->
<testsuite hostname="MSI" failures="0" tests="2" name="AnnotationAttributes" time="10.824" errors="0" timestamp="2025-06-09T12:33:24 IST" skipped="0">
  <testcase classname="AnnotationAttributes" name="register" time="5.139">
    <system-out>
      <![CDATA[Registered successfully]]>
    </system-out>
  </testcase> <!-- register -->
  <testcase classname="AnnotationAttributes" name="login" time="5.685">
    <system-out>
      <![CDATA[Logged successfully]]>
    </system-out>
  </testcase> <!-- login -->
  <system-out>
    <![CDATA[Registered successfully
Logged successfully]]>
  </system-out>
</testsuite> <!-- AnnotationAttributes -->
