<?xml version="1.0" encoding="UTF-8"?>
<!-- Generated by org.testng.reporters.JUnitReportReporter -->
<testsuite hostname="MSI" failures="0" tests="1" name="TestNG.FerrariCar" time="4.855" errors="0" timestamp="2025-06-12T18:55:47 IST" skipped="0">
  <testcase classname="TestNG.FerrariCar" name="Ferrarilaunch" time="4.855">
    <system-out>
      <![CDATA[FerrariCar Execution]]>
    </system-out>
  </testcase> <!-- Ferrarilaunch -->
  <system-out>
    <![CDATA[AudiCar Execution
FerrariCar Execution]]>
  </system-out>
</testsuite> <!-- TestNG.FerrariCar -->
