<?xml version="1.0" encoding="UTF-8"?>
<!-- Generated by org.testng.reporters.JUnitReportReporter -->
<testsuite hostname="MSI" failures="0" tests="2" name="TestNG.AnnotationConfiguration" time="0.039" errors="0" timestamp="2025-06-12T13:46:58 IST" skipped="0">
  <testcase classname="TestNG.AnnotationConfiguration" name="demo" time="0.030">
    <system-out>
      <![CDATA[@Test(demo) execeuted]]>
    </system-out>
  </testcase> <!-- demo -->
  <testcase classname="TestNG.AnnotationConfiguration" name="sample" time="0.009">
    <system-out>
      <![CDATA[@Test(sample) execeuted]]>
    </system-out>
  </testcase> <!-- sample -->
  <system-out>
    <![CDATA[@BeforeSuite
@BeforeTest
@BeforeClass
@BeforeMethod
@Test(demo) execeuted
@AfterMethod
@BeforeMethod
@Test(sample) execeuted
@AfterMethod
@AfterClass
@AfterTest
@AfterSuite]]>
  </system-out>
</testsuite> <!-- TestNG.AnnotationConfiguration -->
