<?xml version="1.0" encoding="UTF-8"?>
<!-- Generated by org.testng.reporters.JUnitReportReporter -->
<testsuite hostname="MSI" failures="0" tests="1" name="TestNG.LamborghiniCar" time="3.335" errors="0" timestamp="2025-06-12T18:49:19 IST" skipped="0">
  <testcase classname="TestNG.LamborghiniCar" name="launchLamborghiniCar" time="3.335">
    <system-out>
      <![CDATA[LamborghiniCar Execution]]>
    </system-out>
  </testcase> <!-- launchLamborghiniCar -->
  <system-out>
    <![CDATA[LamborghiniCar Execution
AudiCar Execution
BMWcar Execution,true
FerrariCar Execution]]>
  </system-out>
</testsuite> <!-- TestNG.LamborghiniCar -->
