<?xml version="1.0" encoding="UTF-8"?>
<!-- Generated by org.testng.reporters.JUnitReportReporter -->
<testsuite hostname="MSI" failures="0" tests="1" name="TestNG.Suzuki" time="14.271" errors="0" timestamp="2025-06-12T12:59:53 IST" skipped="0">
  <testcase classname="TestNG.Suzuki" name="launch" time="14.271">
    <system-out>
      <![CDATA[Suzuki Launched]]>
    </system-out>
  </testcase> <!-- launch -->
  <system-out>
    <![CDATA[Appache Launched
honda Launched
Suzuki Launched
Yemaha Launched]]>
  </system-out>
</testsuite> <!-- TestNG.Suzuki -->
