<?xml version="1.0" encoding="UTF-8"?>
<!-- Generated by org.testng.reporters.JUnitReportReporter -->
<testsuite hostname="MSI" failures="0" tests="2" name="TestNG.ToLearnTestNG" time="0.011" errors="0" timestamp="2025-06-09T12:30:32 IST" skipped="0">
  <testcase classname="TestNG.ToLearnTestNG" name="demo" time="0.010">
    <system-out>
      <![CDATA[demo test csse ececuted]]>
    </system-out>
  </testcase> <!-- demo -->
  <testcase classname="TestNG.ToLearnTestNG" name="sample" time="0.001">
    <system-out>
      <![CDATA[Sample test case executed]]>
    </system-out>
  </testcase> <!-- sample -->
  <system-out>
    <![CDATA[demo test csse ececuted
Sample test case executed]]>
  </system-out>
</testsuite> <!-- TestNG.ToLearnTestNG -->
