<?xml version="1.0" encoding="UTF-8"?>
<!-- Generated by org.testng.reporters.JUnitReportReporter -->
<testsuite hostname="MSI" failures="0" tests="1" name="Assertion.ToLearnHardAssert" time="15.594" errors="0" timestamp="2025-06-18T19:44:58 IST" skipped="0">
  <testcase classname="Assertion.ToLearnHardAssert" name="login" time="15.594">
    <system-out>
      <![CDATA[Login page is displayed
Home page is displayed]]>
    </system-out>
  </testcase> <!-- login -->
  <system-out>
    <![CDATA[Login page is displayed
Home page is displayed]]>
  </system-out>
</testsuite> <!-- Assertion.ToLearnHardAssert -->
