<?xml version="1.0" encoding="UTF-8"?>
<!-- Generated by org.testng.reporters.JUnitReportReporter -->
<testsuite hostname="MSI" failures="0" tests="1" name="TestNG.TestScript" time="2.953" errors="0" timestamp="2025-06-17T19:28:07 IST" skipped="0">
  <testcase classname="TestNG.TestScript" name="ClickOnBooks" time="2.953">
    <system-out>
      <![CDATA[Books page is displayed]]>
    </system-out>
  </testcase> <!-- ClickOnBooks -->
  <system-out>
    <![CDATA[Books page is displayed]]>
  </system-out>
</testsuite> <!-- TestNG.TestScript -->
