<?xml version="1.0" encoding="UTF-8"?>
<!-- Generated by org.testng.reporters.JUnitReportReporter -->
<testsuite hostname="MSI" failures="0" tests="1" name="TestNG.AudiCar" time="4.084" errors="0" timestamp="2025-06-12T18:55:47 IST" skipped="0">
  <testcase classname="TestNG.AudiCar" name="launchAuduCar" time="4.084">
    <system-out>
      <![CDATA[AudiCar Execution]]>
    </system-out>
  </testcase> <!-- launchAuduCar -->
  <system-out>
    <![CDATA[AudiCar Execution
FerrariCar Execution]]>
  </system-out>
</testsuite> <!-- TestNG.AudiCar -->
