<?xml version="1.0" encoding="UTF-8"?>
<!-- Generated by org.testng.reporters.JUnitReportReporter -->
<testsuite hostname="MSI" failures="0" tests="3" name="TestNG.LearndependentsOnMethods" time="14.394" errors="0" timestamp="2025-06-09T13:40:49 IST" skipped="0">
  <testcase classname="TestNG.LearndependentsOnMethods" name="addToCart" time="4.579">
    <system-out>
      <![CDATA[Product Added successfully]]>
    </system-out>
  </testcase> <!-- addToCart -->
  <testcase classname="TestNG.LearndependentsOnMethods" name="login" time="4.625">
    <system-out>
      <![CDATA[Logged successfully]]>
    </system-out>
  </testcase> <!-- login -->
  <testcase classname="TestNG.LearndependentsOnMethods" name="register" time="5.190">
    <system-out>
      <![CDATA[Registered successfully]]>
    </system-out>
  </testcase> <!-- register -->
  <system-out>
    <![CDATA[Registered successfully
Logged successfully
Product Added successfully]]>
  </system-out>
</testsuite> <!-- TestNG.LearndependentsOnMethods -->
