<?xml version="1.0" encoding="UTF-8"?>
<!-- Generated by org.testng.reporters.JUnitReportReporter -->
<testsuite hostname="MSI" failures="0" tests="1" name="TestNG.BooksTestScript" time="1.064" errors="0" timestamp="2025-06-20T23:28:16 IST" skipped="0">
  <testcase classname="TestNG.BooksTestScript" name="ClickOnBooks" time="1.064">
    <system-out>
      <![CDATA[Books page is displayed]]>
    </system-out>
  </testcase> <!-- ClickOnBooks -->
  <system-out>
    <![CDATA[Books page is displayed]]>
  </system-out>
</testsuite> <!-- TestNG.BooksTestScript -->
