<?xml version="1.0" encoding="UTF-8"?>
<!-- Generated by org.testng.reporters.JUnitReportReporter -->
<testsuite hostname="MSI" failures="0" tests="1" name="TestNG.TestScript2" time="3.306" errors="0" timestamp="2025-06-13T13:46:20 IST" skipped="0">
  <testcase classname="TestNG.TestScript2" name="ClickOnElectronics" time="3.306">
    <system-out>
      <![CDATA[Electronics page is Dispalyed]]>
    </system-out>
  </testcase> <!-- ClickOnElectronics -->
  <system-out>
    <![CDATA[Books page is Displayed
Electronics page is Dispalyed
GiftCard page is Displayed
Computers page is Displayed]]>
  </system-out>
</testsuite> <!-- TestNG.TestScript2 -->
