<?xml version="1.0" encoding="UTF-8"?>
<!-- Generated by org.testng.reporters.JUnitReportReporter -->
<testsuite hostname="MSI" failures="0" tests="4" name="DataProvider.ToLearnDataProvider" time="13.192" errors="0" timestamp="2025-06-17T13:31:00 IST" skipped="0">
  <testcase classname="DataProvider.ToLearnDataProvider" name="login" time="3.390"/>
  <testcase classname="DataProvider.ToLearnDataProvider" name="login" time="4.545"/>
  <testcase classname="DataProvider.ToLearnDataProvider" name="login" time="2.491"/>
  <testcase classname="DataProvider.ToLearnDataProvider" name="login" time="2.766"/>
</testsuite> <!-- DataProvider.ToLearnDataProvider -->
