<?xml version="1.0" encoding="UTF-8"?>
<!-- Generated by org.testng.reporters.JUnitReportReporter -->
<testsuite hostname="MSI" failures="0" tests="3" name="TestNG.AssignmentJune9" time="0.021" errors="0" timestamp="2025-06-09T20:01:19 IST" skipped="0">
  <testcase classname="TestNG.AssignmentJune9" name="EditAccount" time="0.004">
    <system-out>
      <![CDATA[Edited Sucessfully]]>
    </system-out>
  </testcase> <!-- EditAccount -->
  <testcase classname="TestNG.AssignmentJune9" name="AddAccount" time="0.014">
    <system-out>
      <![CDATA[Account Added Sucessfuly]]>
    </system-out>
  </testcase> <!-- AddAccount -->
  <testcase classname="TestNG.AssignmentJune9" name="DeleteAccount" time="0.003">
    <system-out>
      <![CDATA[Account Deleted Sucessfuly]]>
    </system-out>
  </testcase> <!-- DeleteAccount -->
  <system-out>
    <![CDATA[Account Added Sucessfuly
Edited Sucessfully
Account Deleted Sucessfuly]]>
  </system-out>
</testsuite> <!-- TestNG.AssignmentJune9 -->
