<?xml version="1.0" encoding="UTF-8"?>
<!-- Generated by org.testng.reporters.JUnitReportReporter -->
<testsuite hostname="MSI" failures="0" tests="1" name="TestNG.BMWcar" time="3.212" errors="0" timestamp="2025-06-12T18:49:19 IST" skipped="0">
  <testcase classname="TestNG.BMWcar" name="BMWlaunchCar" time="3.212">
    <system-out>
      <![CDATA[BMWcar Execution,true]]>
    </system-out>
  </testcase> <!-- BMWlaunchCar -->
  <system-out>
    <![CDATA[LamborghiniCar Execution
AudiCar Execution
BMWcar Execution,true
FerrariCar Execution]]>
  </system-out>
</testsuite> <!-- TestNG.BMWcar -->
