<?xml version="1.0" encoding="UTF-8"?>
<!-- Generated by org.testng.reporters.JUnitReportReporter -->
<testsuite hostname="MSI" failures="0" tests="1" name="TestNG.Testscript1" time="3.058" errors="0" timestamp="2025-06-17T19:17:20 IST" skipped="0">
  <testcase classname="TestNG.Testscript1" name="ClickOnComputers" time="3.058">
    <system-out>
      <![CDATA[Computer page is displayed]]>
    </system-out>
  </testcase> <!-- ClickOnComputers -->
  <system-out>
    <![CDATA[Computer page is displayed]]>
  </system-out>
</testsuite> <!-- TestNG.Testscript1 -->
