<?xml version="1.0" encoding="UTF-8"?>
<!-- Generated by org.testng.reporters.JUnitReportReporter -->
<testsuite hostname="MSI" failures="0" tests="5" name="TestNG.AnnotationAttributes" time="24.342" errors="0" timestamp="2025-06-09T13:20:29 IST" skipped="1">
  <testcase classname="TestNG.AnnotationAttributes" name="register" time="6.103">
    <system-out>
      <![CDATA[Registered successfully]]>
    </system-out>
  </testcase> <!-- register -->
  <testcase classname="TestNG.AnnotationAttributes" name="register" time="6.189">
    <system-out>
      <![CDATA[Registered successfully]]>
    </system-out>
  </testcase> <!-- register -->
  <testcase classname="TestNG.AnnotationAttributes" name="register" time="5.861">
    <system-out>
      <![CDATA[Registered successfully]]>
    </system-out>
  </testcase> <!-- register -->
  <testcase classname="TestNG.AnnotationAttributes" name="register" time="6.189">
    <system-out>
      <![CDATA[Registered successfully]]>
    </system-out>
  </testcase> <!-- register -->
  <testcase classname="TestNG.AnnotationAttributes" name="login">
    <skipped/>
  </testcase> <!-- login -->
  <system-out>
    <![CDATA[Registered successfully
Registered successfully
Registered successfully
Registered successfully]]>
  </system-out>
</testsuite> <!-- TestNG.AnnotationAttributes -->
