<?xml version="1.0" encoding="UTF-8"?>
<!-- Generated by org.testng.reporters.JUnitReportReporter -->
<testsuite hostname="MSI" failures="0" tests="1" name="TestNG.ComputersTestScript" time="1.750" errors="0" timestamp="2025-06-20T23:28:57 IST" skipped="0">
  <testcase classname="TestNG.ComputersTestScript" name="ClickOnComputers" time="1.750">
    <system-out>
      <![CDATA[Computer page is displayed]]>
    </system-out>
  </testcase> <!-- ClickOnComputers -->
  <system-out>
    <![CDATA[Computer page is displayed]]>
  </system-out>
</testsuite> <!-- TestNG.ComputersTestScript -->
